<?xml version="1.0" encoding="UTF-8"?>
<!-- Generated by org.testng.reporters.JUnitReportReporter -->
<testsuite hostname="Muufo" failures="0" tests="1" name="testCases.TC_002_LoginTest" time="0.936" errors="0" timestamp="2023-12-25T12:14:17 EST" skipped="0">
  <testcase classname="testCases.TC_002_LoginTest" name="test_Login" time="0.936"/>
</testsuite> <!-- testCases.TC_002_LoginTest -->
